2024-08-10 00:29:54:2954 [31merror[39m: [31mdata must be a string or Buffer and salt must either be a salt string or a number of rounds[39m
2024-08-10 00:42:57:4257 [31merror[39m: [31muser.json is not a function[39m
2024-08-10 15:22:37:2237 [31merror[39m: [31mnotNull Violation: User.firstName cannot be null,[39m
[31mnotNull Violation: User.lastName cannot be null,[39m
[31mnotNull Violation: User.email cannot be null[39m
2024-08-10 15:23:19:2319 [31merror[39m: [31mRedisService.set is not a function[39m
2024-08-10 15:34:46:3446 [31merror[39m: [31mloginUser is not a function[39m
2024-08-10 15:35:24:3524 [31merror[39m: [31mCannot destructure property 'email' of 'req.body' as it is undefined.[39m
2024-08-10 16:39:05:395 [31merror[39m: [31mdata and hash arguments required[39m
2024-08-10 16:43:32:4332 [31merror[39m: [31mdata and hash arguments required[39m
2024-08-10 16:45:04:454 [31merror[39m: [31mdata and hash arguments required[39m
2024-08-10 16:49:58:4958 [31merror[39m: [31mres is not defined[39m
2024-08-10 16:51:56:5156 [31merror[39m: [31mmodels.User.findByPK is not a function[39m
2024-08-10 16:52:38:5238 [31merror[39m: [31mArgument passed to findByPk is invalid: [object Promise][39m
2024-08-10 17:09:23:923 [31merror[39m: [31mRedisService.set is not a function[39m
2024-08-10 17:10:03:103 [31merror[39m: [31mRedisService(...).set is not a function[39m
2024-08-10 17:10:58:1058 [31merror[39m: [31mRedisService.set is not a function[39m
2024-08-10 17:14:45:1445 [31merror[39m: [31mRedisService.set is not a function[39m
2024-08-10 17:15:05:155 [31merror[39m: [31mRedisService.set is not a function[39m
2024-08-10 17:26:42:2642 [31merror[39m: [31mRedisService.set is not a function[39m
2024-08-10 23:53:44:5344 [31merror[39m: [31mCannot read properties of undefined (reading 'updateTodo')[39m
2024-08-11 00:13:00:130 [31merror[39m: [31mupdateTodo.toJSON is not a function[39m
2024-08-11 14:20:03:203 [31merror[39m: [31mupdatedTodo is not defined[39m
2024-08-11 14:47:44:4744 [31merror[39m: [31mAssociation with alias "User" does not exist on Todo[39m
2024-08-11 14:48:17:4817 [31merror[39m: [31mAssociation with alias "User" does not exist on Todo[39m
2024-08-11 14:56:08:568 [31merror[39m: [31mUser is associated to Todo using an alias. You must use the 'as' keyword to specify the alias within your include statement.[39m
2024-08-11 14:56:44:5644 [31merror[39m: [31mUnknown column 'user.first_name' in 'field list'[39m
2024-08-11 15:02:12:212 [31merror[39m: [31mUnknown column 'Todo.DESC' in 'order clause'[39m
2024-08-11 15:29:18:2918 [31merror[39m: [31mWHERE parameter "id" has invalid "undefined" value[39m
2024-08-11 15:29:50:2950 [31merror[39m: [31mWHERE parameter "id" has invalid "undefined" value[39m
